AdmobDemo/Temp/gradleOut/GoogleMobileAdsPlugin/build/outputs/logs/manifest-merger-debug-report.txt
-- Merging decision tree log ---
manifest
ADDED from gradleOut/GoogleMobileAdsPlugin/AndroidManifest.xml:2:1-11:12
INJECTED from gradleOut/GoogleMobileAdsPlugin/AndroidManifest.xml:2:1-11:12
INJECTED from gradleOut/GoogleMobileAdsPlugin/AndroidManifest.xml:2:1-11:12
INJECTED from gradleOut/GoogleMobileAdsPlugin/AndroidManifest.xml:2:1-11:12
INJECTED from gradleOut/GoogleMobileAdsPlugin/AndroidManifest.xml:2:1-11:12
INJECTED from gradleOut/GoogleMobileAdsPlugin/AndroidManifest.xml:2:1-11:12
INJECTED from gradleOut/GoogleMobileAdsPlugin/AndroidManifest.xml:2:1-11:12
	package
		ADDED from gradleOut/GoogleMobileAdsPlugin/AndroidManifest.xml:2:70-100
		INJECTED from gradleOut/GoogleMobileAdsPlugin/AndroidManifest.xml
		INJECTED from gradleOut/GoogleMobileAdsPlugin/AndroidManifest.xml
	android:versionName
		ADDED from gradleOut/GoogleMobileAdsPlugin/AndroidManifest.xml:2:101-126
		INJECTED from gradleOut/GoogleMobileAdsPlugin/AndroidManifest.xml
		INJECTED from gradleOut/GoogleMobileAdsPlugin/AndroidManifest.xml
	xmlns:android
		ADDED from gradleOut/GoogleMobileAdsPlugin/AndroidManifest.xml:2:11-69
	android:versionCode
		ADDED from gradleOut/GoogleMobileAdsPlugin/AndroidManifest.xml:2:127-150
		INJECTED from gradleOut/GoogleMobileAdsPlugin/AndroidManifest.xml
		INJECTED from gradleOut/GoogleMobileAdsPlugin/AndroidManifest.xml
uses-sdk
ADDED from gradleOut/GoogleMobileAdsPlugin/AndroidManifest.xml:3:3-72
INJECTED from gradleOut/GoogleMobileAdsPlugin/AndroidManifest.xml:3:3-72
INJECTED from gradleOut/GoogleMobileAdsPlugin/AndroidManifest.xml:3:3-72
	android:targetSdkVersion
		ADDED from gradleOut/GoogleMobileAdsPlugin/AndroidManifest.xml:3:40-69
		INJECTED from gradleOut/GoogleMobileAdsPlugin/AndroidManifest.xml
		INJECTED from gradleOut/GoogleMobileAdsPlugin/AndroidManifest.xml
	android:minSdkVersion
		ADDED from gradleOut/GoogleMobileAdsPlugin/AndroidManifest.xml:3:13-39
application
ADDED from gradleOut/GoogleMobileAdsPlugin/AndroidManifest.xml:4:3-10:17
activity#com.Difanic.AdmobDemo
ADDED from gradleOut/GoogleMobileAdsPlugin/AndroidManifest.xml:5:5-8:16
	android:label
		ADDED from gradleOut/GoogleMobileAdsPlugin/AndroidManifest.xml:5:52-84
	android:name
		ADDED from gradleOut/GoogleMobileAdsPlugin/AndroidManifest.xml:5:15-51
meta-data#unityplayer.UnityActivity
ADDED from gradleOut/GoogleMobileAdsPlugin/AndroidManifest.xml:6:7-82
	android:value
		ADDED from gradleOut/GoogleMobileAdsPlugin/AndroidManifest.xml:6:59-79
	android:name
		ADDED from gradleOut/GoogleMobileAdsPlugin/AndroidManifest.xml:6:18-58
meta-data#unityplayer.ForwardNativeEventsToDalvik
ADDED from gradleOut/GoogleMobileAdsPlugin/AndroidManifest.xml:7:7-96
	android:value
		ADDED from gradleOut/GoogleMobileAdsPlugin/AndroidManifest.xml:7:73-93
	android:name
		ADDED from gradleOut/GoogleMobileAdsPlugin/AndroidManifest.xml:7:18-72
meta-data#com.google.android.gms.ads.APPLICATION_ID
ADDED from gradleOut/GoogleMobileAdsPlugin/AndroidManifest.xml:9:5-130
	android:value
		ADDED from gradleOut/GoogleMobileAdsPlugin/AndroidManifest.xml:9:73-127
	android:name
		ADDED from gradleOut/GoogleMobileAdsPlugin/AndroidManifest.xml:9:16-72